android/app/build/intermediates/manifest_merge_blame_file/release/manifest-merger-blame-release-report.txt
1<?xml version="1.0" encoding="utf-8"?>
2<manifest xmlns:android="http://schemas.android.com/apk/res/android"
3    package="com.breeze"
4    android:versionCode="1"
5    android:versionName="1.0" >
6
7    <uses-sdk
8        android:minSdkVersion="21"
8-->src\main\AndroidManifest.xml
9        android:targetSdkVersion="33" />
9-->src\main\AndroidManifest.xml
10
11    <uses-permission android:name="android.permission.INTERNET" />
11-->src\main\AndroidManifest.xml:3:5-67
11-->src\main\AndroidManifest.xml:3:22-64
12    <uses-permission android:name="android.permission.ACCESS_FINE_LOCATION" />
12-->src\main\AndroidManifest.xml:4:5-79
12-->src\main\AndroidManifest.xml:4:22-76
13
14    <application
14-->src\main\AndroidManifest.xml:6:5-25:19
15        android:name="com.breeze.MainApplication"
15-->src\main\AndroidManifest.xml:7:7-38
16        android:allowBackup="false"
16-->src\main\AndroidManifest.xml:11:7-34
17        android:appComponentFactory="androidx.core.app.CoreComponentFactory"
17-->[androidx.core:core:1.7.0] AndroidManifest.xml:24:18-86
18        android:icon="@mipmap/ic_launcher"
18-->src\main\AndroidManifest.xml:9:7-41
19        android:label="@string/app_name"
19-->src\main\AndroidManifest.xml:8:7-39
20        android:roundIcon="@mipmap/ic_launcher_round"
20-->src\main\AndroidManifest.xml:10:7-52
21        android:theme="@style/AppTheme" >
21-->src\main\AndroidManifest.xml:12:7-38
22        <activity
22-->src\main\AndroidManifest.xml:13:7-24:18
23            android:name="com.breeze.MainActivity"
23-->src\main\AndroidManifest.xml:14:9-37
24            android:configChanges="keyboard|keyboardHidden|orientation|screenLayout|screenSize|smallestScreenSize|uiMode"
24-->src\main\AndroidManifest.xml:16:9-118
25            android:exported="true"
25-->src\main\AndroidManifest.xml:19:9-32
26            android:label="@string/app_name"
26-->src\main\AndroidManifest.xml:15:9-41
27            android:launchMode="singleTask"
27-->src\main\AndroidManifest.xml:17:9-40
28            android:windowSoftInputMode="adjustResize" >
28-->src\main\AndroidManifest.xml:18:9-51
29            <intent-filter>
29-->src\main\AndroidManifest.xml:20:9-23:25
30                <action android:name="android.intent.action.MAIN" />
30-->src\main\AndroidManifest.xml:21:13-65
30-->src\main\AndroidManifest.xml:21:21-62
31
32                <category android:name="android.intent.category.LAUNCHER" />
32-->src\main\AndroidManifest.xml:22:13-73
32-->src\main\AndroidManifest.xml:22:23-70
33            </intent-filter>
34        </activity>
35        <activity
35-->[com.google.android.gms:play-services-base:17.5.0] AndroidManifest.xml:23:9-26:75
36            android:name="com.google.android.gms.common.api.GoogleApiActivity"
36-->[com.google.android.gms:play-services-base:17.5.0] AndroidManifest.xml:24:13-79
37            android:exported="false"
37-->[com.google.android.gms:play-services-base:17.5.0] AndroidManifest.xml:25:13-37
38            android:theme="@android:style/Theme.Translucent.NoTitleBar" />
38-->[com.google.android.gms:play-services-base:17.5.0] AndroidManifest.xml:26:13-72
39
40        <meta-data
40-->[com.google.android.gms:play-services-basement:17.5.0] AndroidManifest.xml:23:9-25:69
41            android:name="com.google.android.gms.version"
41-->[com.google.android.gms:play-services-basement:17.5.0] AndroidManifest.xml:24:13-58
42            android:value="@integer/google_play_services_version" />
42-->[com.google.android.gms:play-services-basement:17.5.0] AndroidManifest.xml:25:13-66
43
44        <provider
44-->[androidx.emoji2:emoji2:1.0.0] AndroidManifest.xml:26:9-34:20
45            android:name="androidx.startup.InitializationProvider"
45-->[androidx.emoji2:emoji2:1.0.0] AndroidManifest.xml:27:13-67
46            android:authorities="com.breeze.androidx-startup"
46-->[androidx.emoji2:emoji2:1.0.0] AndroidManifest.xml:28:13-68
47            android:exported="false" >
47-->[androidx.emoji2:emoji2:1.0.0] AndroidManifest.xml:29:13-37
48            <meta-data
48-->[androidx.emoji2:emoji2:1.0.0] AndroidManifest.xml:31:13-33:52
49                android:name="androidx.emoji2.text.EmojiCompatInitializer"
49-->[androidx.emoji2:emoji2:1.0.0] AndroidManifest.xml:32:17-75
50                android:value="androidx.startup" />
50-->[androidx.emoji2:emoji2:1.0.0] AndroidManifest.xml:33:17-49
51            <meta-data
51-->[androidx.lifecycle:lifecycle-process:2.4.0] AndroidManifest.xml:31:13-33:52
52                android:name="androidx.lifecycle.ProcessLifecycleInitializer"
52-->[androidx.lifecycle:lifecycle-process:2.4.0] AndroidManifest.xml:32:17-78
53                android:value="androidx.startup" />
53-->[androidx.lifecycle:lifecycle-process:2.4.0] AndroidManifest.xml:33:17-49
54        </provider>
55
56        <meta-data
56-->[com.facebook.soloader:soloader:0.10.5] AndroidManifest.xml:12:9-14:37
57            android:name="com.facebook.soloader.enabled"
57-->[com.facebook.soloader:soloader:0.10.5] AndroidManifest.xml:13:13-57
58            android:value="false" />
58-->[com.facebook.soloader:soloader:0.10.5] AndroidManifest.xml:14:13-34
59    </application>
60
61</manifest>